                                      1 ;--------------------------------------------------------
                                      2 ; File Created by SDCC : free open source ANSI-C Compiler
                                      3 ; Version 4.2.0 #13081 (Linux)
                                      4 ;--------------------------------------------------------
                                      5 	.module gpio
                                      6 	.optsdcc -mstm8
                                      7 	
                                      8 ;--------------------------------------------------------
                                      9 ; Public variables in this module
                                     10 ;--------------------------------------------------------
                                     11 	.globl _gpio_init
                                     12 	.globl _btn_r_plus_is_pressed
                                     13 	.globl _btn_g_plus_is_pressed
                                     14 	.globl _btn_b_plus_is_pressed
                                     15 	.globl _btn_r_minus_is_pressed
                                     16 	.globl _btn_g_minus_is_pressed
                                     17 	.globl _btn_b_minus_is_pressed
                                     18 	.globl _btn_flash_is_pressed
                                     19 	.globl _btn_load_is_pressed
                                     20 ;--------------------------------------------------------
                                     21 ; ram data
                                     22 ;--------------------------------------------------------
                                     23 	.area DATA
                                     24 ;--------------------------------------------------------
                                     25 ; ram data
                                     26 ;--------------------------------------------------------
                                     27 	.area INITIALIZED
                                     28 ;--------------------------------------------------------
                                     29 ; absolute external ram data
                                     30 ;--------------------------------------------------------
                                     31 	.area DABS (ABS)
                                     32 
                                     33 ; default segment ordering for linker
                                     34 	.area HOME
                                     35 	.area GSINIT
                                     36 	.area GSFINAL
                                     37 	.area CONST
                                     38 	.area INITIALIZER
                                     39 	.area CODE
                                     40 
                                     41 ;--------------------------------------------------------
                                     42 ; global & static initialisations
                                     43 ;--------------------------------------------------------
                                     44 	.area HOME
                                     45 	.area GSINIT
                                     46 	.area GSFINAL
                                     47 	.area GSINIT
                                     48 ;--------------------------------------------------------
                                     49 ; Home
                                     50 ;--------------------------------------------------------
                                     51 	.area HOME
                                     52 	.area HOME
                                     53 ;--------------------------------------------------------
                                     54 ; code
                                     55 ;--------------------------------------------------------
                                     56 	.area CODE
                                     57 ;	./src/gpio.c: 3: void gpio_init() {
                                     58 ;	-----------------------------------------
                                     59 ;	 function gpio_init
                                     60 ;	-----------------------------------------
      000000                         61 _gpio_init:
                                     62 ;	./src/gpio.c: 6: PB_DDR |= (1 << 5);
      000000 72 1A 50 07      [ 1]   63 	bset	0x5007, #5
                                     64 ;	./src/gpio.c: 7: PB_CR1 |= (1 << 5);
      000004 72 1A 50 08      [ 1]   65 	bset	0x5008, #5
                                     66 ;	./src/gpio.c: 8: PB_CR2 &= ~(1 << 5);
      000008 72 1B 50 09      [ 1]   67 	bres	0x5009, #5
                                     68 ;	./src/gpio.c: 9: PB_ODR |= (1 << 5);
      00000C 72 1A 50 05      [ 1]   69 	bset	0x5005, #5
                                     70 ;	./src/gpio.c: 13: PD_DDR |= (1 << 4);
      000010 72 18 50 11      [ 1]   71 	bset	0x5011, #4
                                     72 ;	./src/gpio.c: 14: PD_CR1 |= (1 << 4);
      000014 72 18 50 12      [ 1]   73 	bset	0x5012, #4
                                     74 ;	./src/gpio.c: 15: PD_CR2 &= ~(1 << 4);
      000018 72 19 50 13      [ 1]   75 	bres	0x5013, #4
                                     76 ;	./src/gpio.c: 16: PD_ODR &= ~(1 << 4);
      00001C 72 19 50 0F      [ 1]   77 	bres	0x500f, #4
                                     78 ;	./src/gpio.c: 20: PD_DDR |= (1 << 3);
      000020 72 16 50 11      [ 1]   79 	bset	0x5011, #3
                                     80 ;	./src/gpio.c: 21: PD_CR1 |= (1 << 3);
      000024 72 16 50 12      [ 1]   81 	bset	0x5012, #3
                                     82 ;	./src/gpio.c: 22: PD_CR2 &= ~(1 << 3);
      000028 72 17 50 13      [ 1]   83 	bres	0x5013, #3
                                     84 ;	./src/gpio.c: 23: PD_ODR &= ~(1 << 3);
      00002C 72 17 50 0F      [ 1]   85 	bres	0x500f, #3
                                     86 ;	./src/gpio.c: 27: PA_DDR |= (1 << 3);
      000030 72 16 50 02      [ 1]   87 	bset	0x5002, #3
                                     88 ;	./src/gpio.c: 28: PA_CR1 |= (1 << 3);
      000034 72 16 50 03      [ 1]   89 	bset	0x5003, #3
                                     90 ;	./src/gpio.c: 29: PA_CR2 &= ~(1 << 3);
      000038 72 17 50 04      [ 1]   91 	bres	0x5004, #3
                                     92 ;	./src/gpio.c: 30: PA_ODR &= ~(1 << 3);
      00003C 72 17 50 00      [ 1]   93 	bres	0x5000, #3
                                     94 ;	./src/gpio.c: 44: PD_DDR &= ~(1 << 2); // Input 
      000040 72 15 50 11      [ 1]   95 	bres	0x5011, #2
                                     96 ;	./src/gpio.c: 45: PD_CR1 |= (1 << 2); // Pull-Up
      000044 72 14 50 12      [ 1]   97 	bset	0x5012, #2
                                     98 ;	./src/gpio.c: 46: PD_CR2 &= ~(1 << 2); // Interrupt disabled
      000048 72 15 50 13      [ 1]   99 	bres	0x5013, #2
                                    100 ;	./src/gpio.c: 48: PC_DDR &= ~(1 << 7);
      00004C 72 1F 50 0C      [ 1]  101 	bres	0x500c, #7
                                    102 ;	./src/gpio.c: 49: PC_CR1 |= (1 << 7);
      000050 72 1E 50 0D      [ 1]  103 	bset	0x500d, #7
                                    104 ;	./src/gpio.c: 50: PC_CR2 &= ~(1 << 7);
      000054 72 1F 50 0E      [ 1]  105 	bres	0x500e, #7
                                    106 ;	./src/gpio.c: 52: PC_DDR &= ~(1 << 6);
      000058 72 1D 50 0C      [ 1]  107 	bres	0x500c, #6
                                    108 ;	./src/gpio.c: 53: PC_CR1 |= (1 << 6);
      00005C 72 1C 50 0D      [ 1]  109 	bset	0x500d, #6
                                    110 ;	./src/gpio.c: 54: PC_CR2 &= ~(1 << 6);
      000060 72 1D 50 0E      [ 1]  111 	bres	0x500e, #6
                                    112 ;	./src/gpio.c: 56: PC_DDR &= ~(1 << 5);
      000064 72 1B 50 0C      [ 1]  113 	bres	0x500c, #5
                                    114 ;	./src/gpio.c: 57: PC_CR1 |= (1 << 5);
      000068 72 1A 50 0D      [ 1]  115 	bset	0x500d, #5
                                    116 ;	./src/gpio.c: 58: PC_CR2 &= ~(1 << 5);
      00006C 72 1B 50 0E      [ 1]  117 	bres	0x500e, #5
                                    118 ;	./src/gpio.c: 60: PC_DDR &= ~(1 << 4);
      000070 72 19 50 0C      [ 1]  119 	bres	0x500c, #4
                                    120 ;	./src/gpio.c: 61: PC_CR1 |= (1 << 4);
      000074 72 18 50 0D      [ 1]  121 	bset	0x500d, #4
                                    122 ;	./src/gpio.c: 62: PC_CR2 &= ~(1 << 4);
      000078 72 19 50 0E      [ 1]  123 	bres	0x500e, #4
                                    124 ;	./src/gpio.c: 64: PC_DDR &= ~(1 << 3);
      00007C 72 17 50 0C      [ 1]  125 	bres	0x500c, #3
                                    126 ;	./src/gpio.c: 65: PC_CR1 |= (1 << 3);
      000080 72 16 50 0D      [ 1]  127 	bset	0x500d, #3
                                    128 ;	./src/gpio.c: 66: PC_CR2 &= ~(1 << 3);
      000084 72 17 50 0E      [ 1]  129 	bres	0x500e, #3
                                    130 ;	./src/gpio.c: 69: PB_DDR &= ~(1 << 4);
      000088 72 19 50 07      [ 1]  131 	bres	0x5007, #4
                                    132 ;	./src/gpio.c: 70: PB_CR1 |= (1 << 4);
      00008C 72 18 50 08      [ 1]  133 	bset	0x5008, #4
                                    134 ;	./src/gpio.c: 71: PB_CR2 &= ~(1 << 4);
      000090 72 19 50 09      [ 1]  135 	bres	0x5009, #4
                                    136 ;	./src/gpio.c: 73: PB_DDR &= ~(1 << 5);
      000094 72 1B 50 07      [ 1]  137 	bres	0x5007, #5
                                    138 ;	./src/gpio.c: 74: PB_CR1 |= (1 << 5);
      000098 72 1A 50 08      [ 1]  139 	bset	0x5008, #5
                                    140 ;	./src/gpio.c: 75: PB_CR2 &= ~(1 << 5);
      00009C 72 1B 50 09      [ 1]  141 	bres	0x5009, #5
                                    142 ;	./src/gpio.c: 80: PD_DDR |= (1 << 5); // Output
      0000A0 72 1A 50 11      [ 1]  143 	bset	0x5011, #5
                                    144 ;	./src/gpio.c: 81: PD_CR1 |= (1 << 5); // PushPull
      0000A4 72 1A 50 12      [ 1]  145 	bset	0x5012, #5
                                    146 ;	./src/gpio.c: 82: PD_CR2 &= ~(1 << 5); // To 2MHz
      0000A8 72 1B 50 13      [ 1]  147 	bres	0x5013, #5
                                    148 ;	./src/gpio.c: 85: PD_DDR &= ~(1 << 6); // Input
      0000AC 72 1D 50 11      [ 1]  149 	bres	0x5011, #6
                                    150 ;	./src/gpio.c: 86: PD_CR1 &= ~(1 << 6); // Floating
      0000B0 72 1D 50 12      [ 1]  151 	bres	0x5012, #6
                                    152 ;	./src/gpio.c: 87: PD_CR2 &= ~(1 << 6); // External interrupt disabled
      0000B4 72 1D 50 13      [ 1]  153 	bres	0x5013, #6
                                    154 ;	./src/gpio.c: 88: }
      0000B8 81               [ 4]  155 	ret
                                    156 ;	./src/gpio.c: 90: uint8_t btn_r_plus_is_pressed() {
                                    157 ;	-----------------------------------------
                                    158 ;	 function btn_r_plus_is_pressed
                                    159 ;	-----------------------------------------
      0000B9                        160 _btn_r_plus_is_pressed:
                                    161 ;	./src/gpio.c: 91: return((1 << 2) == (~PD_IDR & (1 << 2)));
      0000B9 C6 50 10         [ 1]  162 	ld	a, 0x5010
      0000BC 5F               [ 1]  163 	clrw	x
      0000BD 97               [ 1]  164 	ld	xl, a
      0000BE 53               [ 2]  165 	cplw	x
      0000BF 9F               [ 1]  166 	ld	a, xl
      0000C0 A4 04            [ 1]  167 	and	a, #0x04
      0000C2 97               [ 1]  168 	ld	xl, a
      0000C3 4F               [ 1]  169 	clr	a
      0000C4 95               [ 1]  170 	ld	xh, a
      0000C5 A3 00 04         [ 2]  171 	cpw	x, #0x0004
      0000C8 26 03            [ 1]  172 	jrne	00104$
      0000CA A6 01            [ 1]  173 	ld	a, #0x01
      0000CC 81               [ 4]  174 	ret
      0000CD                        175 00104$:
      0000CD 4F               [ 1]  176 	clr	a
                                    177 ;	./src/gpio.c: 92: }
      0000CE 81               [ 4]  178 	ret
                                    179 ;	./src/gpio.c: 94: uint8_t btn_g_plus_is_pressed() {
                                    180 ;	-----------------------------------------
                                    181 ;	 function btn_g_plus_is_pressed
                                    182 ;	-----------------------------------------
      0000CF                        183 _btn_g_plus_is_pressed:
                                    184 ;	./src/gpio.c: 95: return((1 << 6) == (~PC_IDR & (1 << 6)));
      0000CF C6 50 0B         [ 1]  185 	ld	a, 0x500b
      0000D2 5F               [ 1]  186 	clrw	x
      0000D3 97               [ 1]  187 	ld	xl, a
      0000D4 53               [ 2]  188 	cplw	x
      0000D5 9F               [ 1]  189 	ld	a, xl
      0000D6 A4 40            [ 1]  190 	and	a, #0x40
      0000D8 97               [ 1]  191 	ld	xl, a
      0000D9 4F               [ 1]  192 	clr	a
      0000DA 95               [ 1]  193 	ld	xh, a
      0000DB A3 00 40         [ 2]  194 	cpw	x, #0x0040
      0000DE 26 03            [ 1]  195 	jrne	00104$
      0000E0 A6 01            [ 1]  196 	ld	a, #0x01
      0000E2 81               [ 4]  197 	ret
      0000E3                        198 00104$:
      0000E3 4F               [ 1]  199 	clr	a
                                    200 ;	./src/gpio.c: 96: }
      0000E4 81               [ 4]  201 	ret
                                    202 ;	./src/gpio.c: 98: uint8_t btn_b_plus_is_pressed() {
                                    203 ;	-----------------------------------------
                                    204 ;	 function btn_b_plus_is_pressed
                                    205 ;	-----------------------------------------
      0000E5                        206 _btn_b_plus_is_pressed:
                                    207 ;	./src/gpio.c: 99: return((1 << 4) == (~PC_IDR & (1 << 4)));
      0000E5 C6 50 0B         [ 1]  208 	ld	a, 0x500b
      0000E8 5F               [ 1]  209 	clrw	x
      0000E9 97               [ 1]  210 	ld	xl, a
      0000EA 53               [ 2]  211 	cplw	x
      0000EB 9F               [ 1]  212 	ld	a, xl
      0000EC A4 10            [ 1]  213 	and	a, #0x10
      0000EE 97               [ 1]  214 	ld	xl, a
      0000EF 4F               [ 1]  215 	clr	a
      0000F0 95               [ 1]  216 	ld	xh, a
      0000F1 A3 00 10         [ 2]  217 	cpw	x, #0x0010
      0000F4 26 03            [ 1]  218 	jrne	00104$
      0000F6 A6 01            [ 1]  219 	ld	a, #0x01
      0000F8 81               [ 4]  220 	ret
      0000F9                        221 00104$:
      0000F9 4F               [ 1]  222 	clr	a
                                    223 ;	./src/gpio.c: 100: }
      0000FA 81               [ 4]  224 	ret
                                    225 ;	./src/gpio.c: 102: uint8_t btn_r_minus_is_pressed() {
                                    226 ;	-----------------------------------------
                                    227 ;	 function btn_r_minus_is_pressed
                                    228 ;	-----------------------------------------
      0000FB                        229 _btn_r_minus_is_pressed:
                                    230 ;	./src/gpio.c: 103: return((1 << 7) == (~PC_IDR & (1 << 7)));
      0000FB C6 50 0B         [ 1]  231 	ld	a, 0x500b
      0000FE 5F               [ 1]  232 	clrw	x
      0000FF 97               [ 1]  233 	ld	xl, a
      000100 53               [ 2]  234 	cplw	x
      000101 9F               [ 1]  235 	ld	a, xl
      000102 A4 80            [ 1]  236 	and	a, #0x80
      000104 97               [ 1]  237 	ld	xl, a
      000105 4F               [ 1]  238 	clr	a
      000106 95               [ 1]  239 	ld	xh, a
      000107 A3 00 80         [ 2]  240 	cpw	x, #0x0080
      00010A 26 03            [ 1]  241 	jrne	00104$
      00010C A6 01            [ 1]  242 	ld	a, #0x01
      00010E 81               [ 4]  243 	ret
      00010F                        244 00104$:
      00010F 4F               [ 1]  245 	clr	a
                                    246 ;	./src/gpio.c: 104: }
      000110 81               [ 4]  247 	ret
                                    248 ;	./src/gpio.c: 106: uint8_t btn_g_minus_is_pressed() {
                                    249 ;	-----------------------------------------
                                    250 ;	 function btn_g_minus_is_pressed
                                    251 ;	-----------------------------------------
      000111                        252 _btn_g_minus_is_pressed:
                                    253 ;	./src/gpio.c: 107: return((1 << 5) == (~PC_IDR & (1 << 5)));
      000111 C6 50 0B         [ 1]  254 	ld	a, 0x500b
      000114 5F               [ 1]  255 	clrw	x
      000115 97               [ 1]  256 	ld	xl, a
      000116 53               [ 2]  257 	cplw	x
      000117 9F               [ 1]  258 	ld	a, xl
      000118 A4 20            [ 1]  259 	and	a, #0x20
      00011A 97               [ 1]  260 	ld	xl, a
      00011B 4F               [ 1]  261 	clr	a
      00011C 95               [ 1]  262 	ld	xh, a
      00011D A3 00 20         [ 2]  263 	cpw	x, #0x0020
      000120 26 03            [ 1]  264 	jrne	00104$
      000122 A6 01            [ 1]  265 	ld	a, #0x01
      000124 81               [ 4]  266 	ret
      000125                        267 00104$:
      000125 4F               [ 1]  268 	clr	a
                                    269 ;	./src/gpio.c: 108: }
      000126 81               [ 4]  270 	ret
                                    271 ;	./src/gpio.c: 110: uint8_t btn_b_minus_is_pressed() {
                                    272 ;	-----------------------------------------
                                    273 ;	 function btn_b_minus_is_pressed
                                    274 ;	-----------------------------------------
      000127                        275 _btn_b_minus_is_pressed:
                                    276 ;	./src/gpio.c: 111: return((1 << 3) == (~PC_IDR & (1 << 3)));
      000127 C6 50 0B         [ 1]  277 	ld	a, 0x500b
      00012A 5F               [ 1]  278 	clrw	x
      00012B 97               [ 1]  279 	ld	xl, a
      00012C 53               [ 2]  280 	cplw	x
      00012D 9F               [ 1]  281 	ld	a, xl
      00012E A4 08            [ 1]  282 	and	a, #0x08
      000130 97               [ 1]  283 	ld	xl, a
      000131 4F               [ 1]  284 	clr	a
      000132 95               [ 1]  285 	ld	xh, a
      000133 A3 00 08         [ 2]  286 	cpw	x, #0x0008
      000136 26 03            [ 1]  287 	jrne	00104$
      000138 A6 01            [ 1]  288 	ld	a, #0x01
      00013A 81               [ 4]  289 	ret
      00013B                        290 00104$:
      00013B 4F               [ 1]  291 	clr	a
                                    292 ;	./src/gpio.c: 112: }
      00013C 81               [ 4]  293 	ret
                                    294 ;	./src/gpio.c: 114: uint8_t btn_flash_is_pressed() {
                                    295 ;	-----------------------------------------
                                    296 ;	 function btn_flash_is_pressed
                                    297 ;	-----------------------------------------
      00013D                        298 _btn_flash_is_pressed:
                                    299 ;	./src/gpio.c: 115: return((1 << 4) == (~PB_IDR & (1 << 4)));
      00013D C6 50 06         [ 1]  300 	ld	a, 0x5006
      000140 5F               [ 1]  301 	clrw	x
      000141 97               [ 1]  302 	ld	xl, a
      000142 53               [ 2]  303 	cplw	x
      000143 9F               [ 1]  304 	ld	a, xl
      000144 A4 10            [ 1]  305 	and	a, #0x10
      000146 97               [ 1]  306 	ld	xl, a
      000147 4F               [ 1]  307 	clr	a
      000148 95               [ 1]  308 	ld	xh, a
      000149 A3 00 10         [ 2]  309 	cpw	x, #0x0010
      00014C 26 03            [ 1]  310 	jrne	00104$
      00014E A6 01            [ 1]  311 	ld	a, #0x01
      000150 81               [ 4]  312 	ret
      000151                        313 00104$:
      000151 4F               [ 1]  314 	clr	a
                                    315 ;	./src/gpio.c: 116: }
      000152 81               [ 4]  316 	ret
                                    317 ;	./src/gpio.c: 118: uint8_t btn_load_is_pressed() {
                                    318 ;	-----------------------------------------
                                    319 ;	 function btn_load_is_pressed
                                    320 ;	-----------------------------------------
      000153                        321 _btn_load_is_pressed:
                                    322 ;	./src/gpio.c: 119: return((1 << 5) == (~PB_IDR & (1 << 5)));
      000153 C6 50 06         [ 1]  323 	ld	a, 0x5006
      000156 5F               [ 1]  324 	clrw	x
      000157 97               [ 1]  325 	ld	xl, a
      000158 53               [ 2]  326 	cplw	x
      000159 9F               [ 1]  327 	ld	a, xl
      00015A A4 20            [ 1]  328 	and	a, #0x20
      00015C 97               [ 1]  329 	ld	xl, a
      00015D 4F               [ 1]  330 	clr	a
      00015E 95               [ 1]  331 	ld	xh, a
      00015F A3 00 20         [ 2]  332 	cpw	x, #0x0020
      000162 26 03            [ 1]  333 	jrne	00104$
      000164 A6 01            [ 1]  334 	ld	a, #0x01
      000166 81               [ 4]  335 	ret
      000167                        336 00104$:
      000167 4F               [ 1]  337 	clr	a
                                    338 ;	./src/gpio.c: 120: }
      000168 81               [ 4]  339 	ret
                                    340 	.area CODE
                                    341 	.area CONST
                                    342 	.area INITIALIZER
                                    343 	.area CABS (ABS)
